[2019/09/05-16:21:21,268] ERROR [AC-communication-default-pool0] com.xceptance.xlt.mastercontroller.AgentControllersInformation - Failed to query agent controller information: Agent Controller ac001 <https://localhost:8500>
com.caucho.hessian.client.HessianRuntimeException: java.net.ConnectException: Connection refused (Connection refused)
	at com.caucho.hessian.client.HessianProxy.sendRequest(HessianProxy.java:281)
	at com.caucho.hessian.client.HessianProxy.invoke(HessianProxy.java:171)
	at com.sun.proxy.$Proxy3.info(Unknown Source)
	at com.xceptance.xlt.agentcontroller.AgentControllerProxy.info(AgentControllerProxy.java:322)
	at com.xceptance.xlt.mastercontroller.AgentControllersInformation$1.run(AgentControllersInformation.java:137)
	at java.base/java.util.concurrent.ThreadPoolExecutor.runWorker(ThreadPoolExecutor.java:1128)
	at java.base/java.util.concurrent.ThreadPoolExecutor$Worker.run(ThreadPoolExecutor.java:628)
	at java.base/java.lang.Thread.run(Thread.java:834)
Caused by: java.net.ConnectException: Connection refused (Connection refused)
	at java.base/java.net.PlainSocketImpl.socketConnect(Native Method)
	at java.base/java.net.AbstractPlainSocketImpl.doConnect(AbstractPlainSocketImpl.java:399)
	at java.base/java.net.AbstractPlainSocketImpl.connectToAddress(AbstractPlainSocketImpl.java:242)
	at java.base/java.net.AbstractPlainSocketImpl.connect(AbstractPlainSocketImpl.java:224)
	at java.base/java.net.SocksSocketImpl.connect(SocksSocketImpl.java:403)
	at java.base/java.net.Socket.connect(Socket.java:591)
	at java.base/sun.security.ssl.SSLSocketImpl.connect(SSLSocketImpl.java:285)
	at java.base/sun.security.ssl.BaseSSLSocketImpl.connect(BaseSSLSocketImpl.java:173)
	at java.base/sun.net.NetworkClient.doConnect(NetworkClient.java:182)
	at java.base/sun.net.www.http.HttpClient.openServer(HttpClient.java:474)
	at java.base/sun.net.www.http.HttpClient.openServer(HttpClient.java:569)
	at java.base/sun.net.www.protocol.https.HttpsClient.<init>(HttpsClient.java:265)
	at java.base/sun.net.www.protocol.https.HttpsClient.New(HttpsClient.java:372)
	at java.base/sun.net.www.protocol.https.AbstractDelegateHttpsURLConnection.getNewHttpClient(AbstractDelegateHttpsURLConnection.java:191)
	at java.base/sun.net.www.protocol.http.HttpURLConnection.plainConnect0(HttpURLConnection.java:1181)
	at java.base/sun.net.www.protocol.http.HttpURLConnection.plainConnect(HttpURLConnection.java:1075)
	at java.base/sun.net.www.protocol.https.AbstractDelegateHttpsURLConnection.connect(AbstractDelegateHttpsURLConnection.java:177)
	at java.base/sun.net.www.protocol.http.HttpURLConnection.getOutputStream0(HttpURLConnection.java:1356)
	at java.base/sun.net.www.protocol.http.HttpURLConnection.getOutputStream(HttpURLConnection.java:1331)
	at java.base/sun.net.www.protocol.https.HttpsURLConnectionImpl.getOutputStream(HttpsURLConnectionImpl.java:241)
	at com.caucho.hessian.client.HessianURLConnection.getOutputStream(HessianURLConnection.java:97)
	at com.caucho.hessian.client.HessianProxy.sendRequest(HessianProxy.java:279)
	... 7 more
[2019/09/05-16:21:21,279] ERROR [main] com.xceptance.xlt.mastercontroller.MasterController - Agentcontroller is not alive: Agent Controller ac001 <https://localhost:8500>
[2019/09/05-16:21:21,280] FATAL [main] com.xceptance.xlt.mastercontroller.Main - Failed to run master controller:
java.lang.RuntimeException: There are unreachable agent controllers.
	at com.xceptance.xlt.mastercontroller.FireAndForgetUI.run(FireAndForgetUI.java:188)
	at com.xceptance.xlt.mastercontroller.Main.main(Main.java:478)
[2019/09/05-16:35:21,223] ERROR [AC-communication-default-pool0] com.xceptance.xlt.mastercontroller.AgentControllersInformation - Failed to query agent controller information: Agent Controller ac001 <https://localhost:8500>
com.caucho.hessian.client.HessianRuntimeException: javax.net.ssl.SSLHandshakeException: Remote host terminated the handshake
	at com.caucho.hessian.client.HessianProxy.sendRequest(HessianProxy.java:281)
	at com.caucho.hessian.client.HessianProxy.invoke(HessianProxy.java:171)
	at com.sun.proxy.$Proxy3.info(Unknown Source)
	at com.xceptance.xlt.agentcontroller.AgentControllerProxy.info(AgentControllerProxy.java:322)
	at com.xceptance.xlt.mastercontroller.AgentControllersInformation$1.run(AgentControllersInformation.java:137)
	at java.base/java.util.concurrent.ThreadPoolExecutor.runWorker(ThreadPoolExecutor.java:1128)
	at java.base/java.util.concurrent.ThreadPoolExecutor$Worker.run(ThreadPoolExecutor.java:628)
	at java.base/java.lang.Thread.run(Thread.java:834)
Caused by: javax.net.ssl.SSLHandshakeException: Remote host terminated the handshake
	at java.base/sun.security.ssl.SSLSocketImpl.handleEOF(SSLSocketImpl.java:1321)
	at java.base/sun.security.ssl.SSLSocketImpl.decode(SSLSocketImpl.java:1160)
	at java.base/sun.security.ssl.SSLSocketImpl.readHandshakeRecord(SSLSocketImpl.java:1063)
	at java.base/sun.security.ssl.SSLSocketImpl.startHandshake(SSLSocketImpl.java:402)
	at java.base/sun.net.www.protocol.https.HttpsClient.afterConnect(HttpsClient.java:567)
	at java.base/sun.net.www.protocol.https.AbstractDelegateHttpsURLConnection.connect(AbstractDelegateHttpsURLConnection.java:185)
	at java.base/sun.net.www.protocol.http.HttpURLConnection.getOutputStream0(HttpURLConnection.java:1356)
	at java.base/sun.net.www.protocol.http.HttpURLConnection.getOutputStream(HttpURLConnection.java:1331)
	at java.base/sun.net.www.protocol.https.HttpsURLConnectionImpl.getOutputStream(HttpsURLConnectionImpl.java:241)
	at com.caucho.hessian.client.HessianURLConnection.getOutputStream(HessianURLConnection.java:97)
	at com.caucho.hessian.client.HessianProxy.sendRequest(HessianProxy.java:279)
	... 7 more
Caused by: java.io.EOFException: SSL peer shut down incorrectly
	at java.base/sun.security.ssl.SSLSocketInputRecord.decode(SSLSocketInputRecord.java:167)
	at java.base/sun.security.ssl.SSLTransport.decode(SSLTransport.java:108)
	at java.base/sun.security.ssl.SSLSocketImpl.decode(SSLSocketImpl.java:1152)
	... 16 more
[2019/09/05-16:35:53,258] ERROR [AC-communication-default-pool0] com.xceptance.xlt.mastercontroller.MasterController - Failed to ping agent controller: Agent Controller ac001 <https://localhost:8500>
com.caucho.hessian.client.HessianRuntimeException: java.net.ConnectException: Connection refused (Connection refused)
	at com.caucho.hessian.client.HessianProxy.sendRequest(HessianProxy.java:281)
	at com.caucho.hessian.client.HessianProxy.invoke(HessianProxy.java:171)
	at com.sun.proxy.$Proxy3.ping(Unknown Source)
	at com.xceptance.xlt.agentcontroller.AgentControllerProxy.ping(AgentControllerProxy.java:313)
	at com.xceptance.xlt.mastercontroller.MasterController$1.run(MasterController.java:394)
	at java.base/java.util.concurrent.ThreadPoolExecutor.runWorker(ThreadPoolExecutor.java:1128)
	at java.base/java.util.concurrent.ThreadPoolExecutor$Worker.run(ThreadPoolExecutor.java:628)
	at java.base/java.lang.Thread.run(Thread.java:834)
Caused by: java.net.ConnectException: Connection refused (Connection refused)
	at java.base/java.net.PlainSocketImpl.socketConnect(Native Method)
	at java.base/java.net.AbstractPlainSocketImpl.doConnect(AbstractPlainSocketImpl.java:399)
	at java.base/java.net.AbstractPlainSocketImpl.connectToAddress(AbstractPlainSocketImpl.java:242)
	at java.base/java.net.AbstractPlainSocketImpl.connect(AbstractPlainSocketImpl.java:224)
	at java.base/java.net.SocksSocketImpl.connect(SocksSocketImpl.java:403)
	at java.base/java.net.Socket.connect(Socket.java:591)
	at java.base/sun.security.ssl.SSLSocketImpl.connect(SSLSocketImpl.java:285)
	at java.base/sun.security.ssl.BaseSSLSocketImpl.connect(BaseSSLSocketImpl.java:173)
	at java.base/sun.net.NetworkClient.doConnect(NetworkClient.java:182)
	at java.base/sun.net.www.http.HttpClient.openServer(HttpClient.java:474)
	at java.base/sun.net.www.http.HttpClient.openServer(HttpClient.java:569)
	at java.base/sun.net.www.protocol.https.HttpsClient.<init>(HttpsClient.java:265)
	at java.base/sun.net.www.protocol.https.HttpsClient.New(HttpsClient.java:372)
	at java.base/sun.net.www.protocol.https.AbstractDelegateHttpsURLConnection.getNewHttpClient(AbstractDelegateHttpsURLConnection.java:191)
	at java.base/sun.net.www.protocol.http.HttpURLConnection.plainConnect0(HttpURLConnection.java:1181)
	at java.base/sun.net.www.protocol.http.HttpURLConnection.plainConnect(HttpURLConnection.java:1075)
	at java.base/sun.net.www.protocol.https.AbstractDelegateHttpsURLConnection.connect(AbstractDelegateHttpsURLConnection.java:177)
	at java.base/sun.net.www.protocol.http.HttpURLConnection.getOutputStream0(HttpURLConnection.java:1356)
	at java.base/sun.net.www.protocol.http.HttpURLConnection.getOutputStream(HttpURLConnection.java:1331)
	at java.base/sun.net.www.protocol.https.HttpsURLConnectionImpl.getOutputStream(HttpsURLConnectionImpl.java:241)
	at com.caucho.hessian.client.HessianURLConnection.getOutputStream(HessianURLConnection.java:97)
	at com.caucho.hessian.client.HessianProxy.sendRequest(HessianProxy.java:279)
	... 7 more
[2019/09/05-16:36:14,558] ERROR [main] com.xceptance.xlt.mastercontroller.MasterController - There are no downloaded results to generate a report from.
[2019/09/05-16:36:26,501] ERROR [AC-communication-default-pool0] com.xceptance.xlt.mastercontroller.MasterController - Failed stopping agent at Agent Controller ac001 <https://localhost:8500>
com.caucho.hessian.client.HessianRuntimeException: java.net.ConnectException: Connection refused (Connection refused)
	at com.caucho.hessian.client.HessianProxy.sendRequest(HessianProxy.java:281)
	at com.caucho.hessian.client.HessianProxy.invoke(HessianProxy.java:171)
	at com.sun.proxy.$Proxy3.stopAgents(Unknown Source)
	at com.xceptance.xlt.agentcontroller.AgentControllerProxy.stopAgents(AgentControllerProxy.java:191)
	at com.xceptance.xlt.mastercontroller.MasterController$5.run(MasterController.java:943)
	at java.base/java.util.concurrent.ThreadPoolExecutor.runWorker(ThreadPoolExecutor.java:1128)
	at java.base/java.util.concurrent.ThreadPoolExecutor$Worker.run(ThreadPoolExecutor.java:628)
	at java.base/java.lang.Thread.run(Thread.java:834)
Caused by: java.net.ConnectException: Connection refused (Connection refused)
	at java.base/java.net.PlainSocketImpl.socketConnect(Native Method)
	at java.base/java.net.AbstractPlainSocketImpl.doConnect(AbstractPlainSocketImpl.java:399)
	at java.base/java.net.AbstractPlainSocketImpl.connectToAddress(AbstractPlainSocketImpl.java:242)
	at java.base/java.net.AbstractPlainSocketImpl.connect(AbstractPlainSocketImpl.java:224)
	at java.base/java.net.SocksSocketImpl.connect(SocksSocketImpl.java:403)
	at java.base/java.net.Socket.connect(Socket.java:591)
	at java.base/sun.security.ssl.SSLSocketImpl.connect(SSLSocketImpl.java:285)
	at java.base/sun.security.ssl.BaseSSLSocketImpl.connect(BaseSSLSocketImpl.java:173)
	at java.base/sun.net.NetworkClient.doConnect(NetworkClient.java:182)
	at java.base/sun.net.www.http.HttpClient.openServer(HttpClient.java:474)
	at java.base/sun.net.www.http.HttpClient.openServer(HttpClient.java:569)
	at java.base/sun.net.www.protocol.https.HttpsClient.<init>(HttpsClient.java:265)
	at java.base/sun.net.www.protocol.https.HttpsClient.New(HttpsClient.java:372)
	at java.base/sun.net.www.protocol.https.AbstractDelegateHttpsURLConnection.getNewHttpClient(AbstractDelegateHttpsURLConnection.java:191)
	at java.base/sun.net.www.protocol.http.HttpURLConnection.plainConnect0(HttpURLConnection.java:1181)
	at java.base/sun.net.www.protocol.http.HttpURLConnection.plainConnect(HttpURLConnection.java:1075)
	at java.base/sun.net.www.protocol.https.AbstractDelegateHttpsURLConnection.connect(AbstractDelegateHttpsURLConnection.java:177)
	at java.base/sun.net.www.protocol.http.HttpURLConnection.getOutputStream0(HttpURLConnection.java:1356)
	at java.base/sun.net.www.protocol.http.HttpURLConnection.getOutputStream(HttpURLConnection.java:1331)
	at java.base/sun.net.www.protocol.https.HttpsURLConnectionImpl.getOutputStream(HttpsURLConnectionImpl.java:241)
	at com.caucho.hessian.client.HessianURLConnection.getOutputStream(HessianURLConnection.java:97)
	at com.caucho.hessian.client.HessianProxy.sendRequest(HessianProxy.java:279)
	... 7 more
